0 info it worked if it ends with ok
1 verbose cli [ 'C:\\Program Files (x86)\\nodejs\\node.exe',
1 verbose cli   'C:\\Program Files (x86)\\nodejs\\node_modules\\npm\\bin\\npm-cli.js',
1 verbose cli   'run',
1 verbose cli   'lint' ]
2 info using npm@3.8.3
3 info using node@v5.10.1
4 verbose run-script [ 'prelint', 'lint', 'postlint' ]
5 info lifecycle table-react@0.0.1~prelint: table-react@0.0.1
6 silly lifecycle table-react@0.0.1~prelint: no script for prelint, continuing
7 info lifecycle table-react@0.0.1~lint: table-react@0.0.1
8 verbose lifecycle table-react@0.0.1~lint: unsafe-perm in lifecycle true
9 verbose lifecycle table-react@0.0.1~lint: PATH: C:\Program Files (x86)\nodejs\node_modules\npm\bin\node-gyp-bin;C:\Users\Krzysztof\Documents\Projects\table-react\node_modules\.bin;C:\Program Files (x86)\nodejs;C:\Users\Krzysztof\Desktop\cmder\bin;C:\Users\Krzysztof\Desktop\cmder\vendor\conemu-maximus5\ConEmu\Scripts;C:\Users\Krzysztof\Desktop\cmder\vendor\conemu-maximus5;C:\Users\Krzysztof\Desktop\cmder\vendor\conemu-maximus5\ConEmu;C:\ProgramData\Oracle\Java\javapath;C:\Program Files (x86)\Intel\iCLS Client\;C:\Program Files\Intel\iCLS Client\;C:\Windows\system32;C:\Windows;C:\Windows\System32\Wbem;C:\Windows\System32\WindowsPowerShell\v1.0\;C:\Program Files\Intel\Intel(R) Management Engine Components\DAL;C:\Program Files (x86)\Intel\Intel(R) Management Engine Components\DAL;C:\Program Files\Intel\Intel(R) Management Engine Components\IPT;C:\Program Files (x86)\Intel\Intel(R) Management Engine Components\IPT;C:\Program Files (x86)\Git\cmd;C:\Program Files (x86)\Git\bin;C:\xampp\php\;C:\ProgramData\ComposerSetup\bin;C:\Program Files (x86)\Skype\Phone\;C:\Program Files\Intel\WiFi\bin\;C:\Program Files\Common Files\Intel\WirelessCommon\;C:\Program Files (x86)\nodejs\;C:\Program Files (x86)\Calibre2\;C:\Users\Krzysztof\AppData\Roaming\Composer\vendor\bin;C:\Program Files\PostgreSQL\pg96\bin;C:\sqlite3;C:\Users\Krzysztof\AppData\Local\.meteor\;C:\Users\Krzysztof\AppData\Roaming\npm;C:\Program Files (x86)\Git\usr\bin;C:\Program Files (x86)\Git\usr\share\vim\vim74;C:\Users\Krzysztof\Desktop\cmder\
10 verbose lifecycle table-react@0.0.1~lint: CWD: C:\Users\Krzysztof\Documents\Projects\table-react
11 silly lifecycle table-react@0.0.1~lint: Args: [ '/d /s /c', 'eslint src/client' ]
12 silly lifecycle table-react@0.0.1~lint: Returned: code: 1  signal: null
13 info lifecycle table-react@0.0.1~lint: Failed to exec lint script
14 verbose stack Error: table-react@0.0.1 lint: `eslint src/client`
14 verbose stack Exit status 1
14 verbose stack     at EventEmitter.<anonymous> (C:\Program Files (x86)\nodejs\node_modules\npm\lib\utils\lifecycle.js:239:16)
14 verbose stack     at emitTwo (events.js:100:13)
14 verbose stack     at EventEmitter.emit (events.js:185:7)
14 verbose stack     at ChildProcess.<anonymous> (C:\Program Files (x86)\nodejs\node_modules\npm\lib\utils\spawn.js:24:14)
14 verbose stack     at emitTwo (events.js:100:13)
14 verbose stack     at ChildProcess.emit (events.js:185:7)
14 verbose stack     at maybeClose (internal/child_process.js:850:16)
14 verbose stack     at Process.ChildProcess._handle.onexit (internal/child_process.js:215:5)
15 verbose pkgid table-react@0.0.1
16 verbose cwd C:\Users\Krzysztof\Documents\Projects\table-react
17 error Windows_NT 6.3.9600
18 error argv "C:\\Program Files (x86)\\nodejs\\node.exe" "C:\\Program Files (x86)\\nodejs\\node_modules\\npm\\bin\\npm-cli.js" "run" "lint"
19 error node v5.10.1
20 error npm  v3.8.3
21 error code ELIFECYCLE
22 error table-react@0.0.1 lint: `eslint src/client`
22 error Exit status 1
23 error Failed at the table-react@0.0.1 lint script 'eslint src/client'.
23 error Make sure you have the latest version of node.js and npm installed.
23 error If you do, this is most likely a problem with the table-react package,
23 error not with npm itself.
23 error Tell the author that this fails on your system:
23 error     eslint src/client
23 error You can get information on how to open an issue for this project with:
23 error     npm bugs table-react
23 error Or if that isn't available, you can get their info via:
23 error     npm owner ls table-react
23 error There is likely additional logging output above.
24 verbose exit [ 1, true ]
